<?xml version="1.0" encoding="UTF-8"?>
<testng-results ignored="0" total="1" passed="1" failed="0" skipped="0">
  <reporter-output>
  </reporter-output>
  <suite started-at="2022-08-11T13:35:06 IST" name="Default suite" finished-at="2022-08-11T13:35:32 IST" duration-ms="26072">
    <groups>
      <group name="regressionTest">
        <method signature="CreateOrganisationTest.CreateOrganisation()[pri:0, instance:com.crm.Sdet.organisation.CreateOrganisationTest@6e0f5f7f]" name="CreateOrganisation" class="com.crm.Sdet.organisation.CreateOrganisationTest"/>
      </group> <!-- regressionTest -->
      <group name="smokeTest">
        <method signature="CreateOrganisationTest.CreateOrganisation()[pri:0, instance:com.crm.Sdet.organisation.CreateOrganisationTest@6e0f5f7f]" name="CreateOrganisation" class="com.crm.Sdet.organisation.CreateOrganisationTest"/>
      </group> <!-- smokeTest -->
    </groups>
    <test started-at="2022-08-11T13:35:06 IST" name="Default test" finished-at="2022-08-11T13:35:32 IST" duration-ms="26072">
      <class name="com.crm.Sdet.organisation.CreateOrganisationTest">
        <test-method is-config="true" signature="BS()[pri:0, instance:com.crm.Sdet.organisation.CreateOrganisationTest@6e0f5f7f]" started-at="2022-08-11T13:35:06 IST" name="BS" finished-at="2022-08-11T13:35:06 IST" duration-ms="21" status="PASS">
          <reporter-output>
          </reporter-output>
        </test-method> <!-- BS -->
        <test-method is-config="true" signature="BT()[pri:0, instance:com.crm.Sdet.organisation.CreateOrganisationTest@6e0f5f7f]" started-at="2022-08-11T13:35:06 IST" name="BT" finished-at="2022-08-11T13:35:06 IST" duration-ms="0" status="PASS">
          <reporter-output>
          </reporter-output>
        </test-method> <!-- BT -->
        <test-method is-config="true" signature="BC()[pri:0, instance:com.crm.Sdet.organisation.CreateOrganisationTest@6e0f5f7f]" started-at="2022-08-11T13:35:06 IST" name="BC" finished-at="2022-08-11T13:35:10 IST" duration-ms="3531" status="PASS">
          <reporter-output>
          </reporter-output>
        </test-method> <!-- BC -->
        <test-method is-config="true" signature="BM()[pri:0, instance:com.crm.Sdet.organisation.CreateOrganisationTest@6e0f5f7f]" started-at="2022-08-11T13:35:10 IST" name="BM" finished-at="2022-08-11T13:35:15 IST" duration-ms="4568" status="PASS">
          <reporter-output>
          </reporter-output>
        </test-method> <!-- BM -->
        <test-method signature="CreateOrganisation()[pri:0, instance:com.crm.Sdet.organisation.CreateOrganisationTest@6e0f5f7f]" started-at="2022-08-11T13:35:15 IST" name="CreateOrganisation" finished-at="2022-08-11T13:35:32 IST" duration-ms="17912" status="PASS">
          <reporter-output>
          </reporter-output>
        </test-method> <!-- CreateOrganisation -->
        <test-method is-config="true" signature="AM()[pri:0, instance:com.crm.Sdet.organisation.CreateOrganisationTest@6e0f5f7f]" started-at="2022-08-11T13:35:32 IST" name="AM" finished-at="2022-08-11T13:35:32 IST" duration-ms="1" status="PASS">
          <reporter-output>
          </reporter-output>
        </test-method> <!-- AM -->
        <test-method is-config="true" signature="AC()[pri:0, instance:com.crm.Sdet.organisation.CreateOrganisationTest@6e0f5f7f]" started-at="2022-08-11T13:35:32 IST" name="AC" finished-at="2022-08-11T13:35:32 IST" duration-ms="1" status="PASS">
          <reporter-output>
          </reporter-output>
        </test-method> <!-- AC -->
        <test-method is-config="true" signature="AT()[pri:0, instance:com.crm.Sdet.organisation.CreateOrganisationTest@6e0f5f7f]" started-at="2022-08-11T13:35:32 IST" name="AT" finished-at="2022-08-11T13:35:32 IST" duration-ms="1" status="PASS">
          <reporter-output>
          </reporter-output>
        </test-method> <!-- AT -->
        <test-method is-config="true" signature="AS()[pri:0, instance:com.crm.Sdet.organisation.CreateOrganisationTest@6e0f5f7f]" started-at="2022-08-11T13:35:33 IST" name="AS" finished-at="2022-08-11T13:35:33 IST" duration-ms="0" status="PASS">
          <reporter-output>
          </reporter-output>
        </test-method> <!-- AS -->
      </class> <!-- com.crm.Sdet.organisation.CreateOrganisationTest -->
    </test> <!-- Default test -->
  </suite> <!-- Default suite -->
</testng-results>
